<?xml version="1.0" encoding="UTF-8"?>
<!-- Generated by org.testng.reporters.JUnitXMLReporter -->
<testsuite ignored="0" hostname="DESKTOP-SS3KRG5" failures="1" tests="8" name="Test" time="54.072" errors="0" timestamp="2022-01-24T13:58:26 IST">
  <testcase classname="com.testng.raj.Flipkart" name="login" time="0.164"/>
  <testcase classname="com.testng.raj.Flipkart" name="mobileSearch" time="0.607"/>
  <testcase classname="com.testng.raj.Flipkart" name="handling" time="0.015"/>
  <testcase classname="com.testng.raj.Flipkart" name="buyNow" time="0.0">
    <failure type="org.testng.TestNGException" message="
Method public void com.testng.raj.Flipkart.buyNow(java.lang.String) throws java.lang.InterruptedException requires a @DataProvider named :  mobileName">
      <![CDATA[org.testng.TestNGException: 
Method public void com.testng.raj.Flipkart.buyNow(java.lang.String) throws java.lang.InterruptedException requires a @DataProvider named :  mobileName
at java.base/java.util.ArrayList.forEach(ArrayList.java:1511)
... Removed 24 stack frames]]>
    </failure>
  </testcase> <!-- buyNow -->
  <testcase classname="com.testng.raj.Flipkart" name="screen" time="0.346"/>
  <testcase classname="com.testng.raj.TVpurchase" name="loginHandling" time="0.163"/>
  <testcase classname="com.testng.raj.TVpurchase" name="tvSearch" time="1.055"/>
  <testcase classname="com.testng.raj.TVpurchase" name="handlingWindows" time="0.054"/>
</testsuite> <!-- Test -->
