<?xml version="1.0" encoding="UTF-8"?>
<testng-results ignored="0" total="8" passed="7" failed="1" skipped="0">
  <reporter-output>
  </reporter-output>
  <suite started-at="2022-01-24T13:57:32 IST" name="Suite" finished-at="2022-01-24T13:58:26 IST" duration-ms="54072">
    <groups>
      <group name="smoke">
        <method signature="Flipkart.login()[pri:1, instance:com.testng.raj.Flipkart@58695725]" name="login" class="com.testng.raj.Flipkart"/>
        <method signature="Flipkart.mobileSearch(java.lang.String)[pri:2, instance:com.testng.raj.Flipkart@58695725]" name="mobileSearch" class="com.testng.raj.Flipkart"/>
        <method signature="TVpurchase.loginHandling()[pri:1, instance:com.testng.raj.TVpurchase@58d75e99]" name="loginHandling" class="com.testng.raj.TVpurchase"/>
        <method signature="TVpurchase.tvSearch()[pri:2, instance:com.testng.raj.TVpurchase@58d75e99]" name="tvSearch" class="com.testng.raj.TVpurchase"/>
      </group> <!-- smoke -->
    </groups>
    <test started-at="2022-01-24T13:57:32 IST" name="Test" finished-at="2022-01-24T13:58:26 IST" duration-ms="54072">
      <class name="com.testng.raj.Flipkart">
        <test-method is-config="true" signature="launch()[pri:0, instance:com.testng.raj.Flipkart@58695725]" started-at="2022-01-24T13:57:32 IST" name="launch" finished-at="2022-01-24T13:58:04 IST" duration-ms="32190" status="PASS">
          <reporter-output>
          </reporter-output>
        </test-method> <!-- launch -->
        <test-method is-config="true" signature="startTime()[pri:0, instance:com.testng.raj.Flipkart@58695725]" started-at="2022-01-24T13:58:05 IST" name="startTime" finished-at="2022-01-24T13:58:05 IST" duration-ms="1" status="PASS">
          <reporter-output>
          </reporter-output>
        </test-method> <!-- startTime -->
        <test-method signature="login()[pri:1, instance:com.testng.raj.Flipkart@58695725]" started-at="2022-01-24T13:58:05 IST" name="login" finished-at="2022-01-24T13:58:05 IST" duration-ms="164" status="PASS">
          <reporter-output>
          </reporter-output>
        </test-method> <!-- login -->
        <test-method is-config="true" signature="endTime()[pri:0, instance:com.testng.raj.Flipkart@58695725]" started-at="2022-01-24T13:58:05 IST" name="endTime" finished-at="2022-01-24T13:58:05 IST" duration-ms="0" status="PASS">
          <reporter-output>
          </reporter-output>
        </test-method> <!-- endTime -->
        <test-method signature="mobileSearch(java.lang.String)[pri:2, instance:com.testng.raj.Flipkart@58695725]" started-at="2022-01-24T13:58:05 IST" name="mobileSearch" data-provider="mobileName" finished-at="2022-01-24T13:58:05 IST" duration-ms="607" status="PASS">
          <params>
            <param index="0">
              <value>
                <![CDATA[iPhone]]>
              </value>
            </param>
          </params>
          <reporter-output>
          </reporter-output>
        </test-method> <!-- mobileSearch -->
        <test-method is-config="true" signature="startTime()[pri:0, instance:com.testng.raj.Flipkart@58695725]" started-at="2022-01-24T13:58:05 IST" name="startTime" finished-at="2022-01-24T13:58:05 IST" duration-ms="0" status="PASS">
          <reporter-output>
          </reporter-output>
        </test-method> <!-- startTime -->
        <test-method is-config="true" signature="endTime()[pri:0, instance:com.testng.raj.Flipkart@58695725]" started-at="2022-01-24T13:58:05 IST" name="endTime" finished-at="2022-01-24T13:58:05 IST" duration-ms="0" status="PASS">
          <reporter-output>
          </reporter-output>
        </test-method> <!-- endTime -->
        <test-method is-config="true" signature="startTime()[pri:0, instance:com.testng.raj.Flipkart@58695725]" started-at="2022-01-24T13:58:05 IST" name="startTime" finished-at="2022-01-24T13:58:05 IST" duration-ms="0" status="PASS">
          <reporter-output>
          </reporter-output>
        </test-method> <!-- startTime -->
        <test-method signature="handling()[pri:3, instance:com.testng.raj.Flipkart@58695725]" started-at="2022-01-24T13:58:05 IST" name="handling" finished-at="2022-01-24T13:58:05 IST" duration-ms="15" status="PASS">
          <reporter-output>
          </reporter-output>
        </test-method> <!-- handling -->
        <test-method is-config="true" signature="endTime()[pri:0, instance:com.testng.raj.Flipkart@58695725]" started-at="2022-01-24T13:58:05 IST" name="endTime" finished-at="2022-01-24T13:58:05 IST" duration-ms="0" status="PASS">
          <reporter-output>
          </reporter-output>
        </test-method> <!-- endTime -->
        <test-method signature="buyNow(java.lang.String)[pri:4, instance:com.testng.raj.Flipkart@58695725]" started-at="2022-01-24T13:58:05 IST" name="buyNow" finished-at="2022-01-24T13:58:05 IST" duration-ms="0" status="FAIL">
          <exception class="org.testng.TestNGException">
            <message>
              <![CDATA[
Method public void com.testng.raj.Flipkart.buyNow(java.lang.String) throws java.lang.InterruptedException requires a @DataProvider named :  mobileName]]>
            </message>
            <full-stacktrace>
              <![CDATA[org.testng.TestNGException: 
Method public void com.testng.raj.Flipkart.buyNow(java.lang.String) throws java.lang.InterruptedException requires a @DataProvider named :  mobileName
at org.testng.internal.Parameters.findDataProvider(Parameters.java:561)
at org.testng.internal.Parameters.handleParameters(Parameters.java:772)
at org.testng.internal.Parameters.handleParameters(Parameters.java:740)
at org.testng.internal.ParameterHandler.handleParameters(ParameterHandler.java:59)
at org.testng.internal.ParameterHandler.createParameters(ParameterHandler.java:38)
at org.testng.internal.TestInvoker$MethodInvocationAgent.invoke(TestInvoker.java:791)
at org.testng.internal.TestInvoker.invokeTestMethods(TestInvoker.java:146)
at org.testng.internal.TestMethodWorker.invokeTestMethods(TestMethodWorker.java:146)
at org.testng.internal.TestMethodWorker.run(TestMethodWorker.java:128)
at java.base/java.util.ArrayList.forEach(ArrayList.java:1511)
at org.testng.TestRunner.privateRun(TestRunner.java:794)
at org.testng.TestRunner.run(TestRunner.java:596)
at org.testng.SuiteRunner.runTest(SuiteRunner.java:377)
at org.testng.SuiteRunner.runSequentially(SuiteRunner.java:371)
at org.testng.SuiteRunner.privateRun(SuiteRunner.java:332)
at org.testng.SuiteRunner.run(SuiteRunner.java:276)
at org.testng.SuiteRunnerWorker.runSuite(SuiteRunnerWorker.java:53)
at org.testng.SuiteRunnerWorker.run(SuiteRunnerWorker.java:96)
at org.testng.TestNG.runSuitesSequentially(TestNG.java:1212)
at org.testng.TestNG.runSuitesLocally(TestNG.java:1134)
at org.testng.TestNG.runSuites(TestNG.java:1063)
at org.testng.TestNG.run(TestNG.java:1031)
at org.testng.remote.AbstractRemoteTestNG.run(AbstractRemoteTestNG.java:115)
at org.testng.remote.RemoteTestNG.initAndRun(RemoteTestNG.java:251)
at org.testng.remote.RemoteTestNG.main(RemoteTestNG.java:77)
]]>
            </full-stacktrace>
          </exception> <!-- org.testng.TestNGException -->
          <reporter-output>
          </reporter-output>
        </test-method> <!-- buyNow -->
        <test-method signature="screen()[pri:5, instance:com.testng.raj.Flipkart@58695725]" started-at="2022-01-24T13:58:05 IST" name="screen" finished-at="2022-01-24T13:58:06 IST" duration-ms="346" status="PASS">
          <reporter-output>
          </reporter-output>
        </test-method> <!-- screen -->
        <test-method is-config="true" signature="startTime()[pri:0, instance:com.testng.raj.Flipkart@58695725]" started-at="2022-01-24T13:58:05 IST" name="startTime" finished-at="2022-01-24T13:58:05 IST" duration-ms="0" status="PASS">
          <reporter-output>
          </reporter-output>
        </test-method> <!-- startTime -->
        <test-method is-config="true" signature="endTime()[pri:0, instance:com.testng.raj.Flipkart@58695725]" started-at="2022-01-24T13:58:06 IST" name="endTime" finished-at="2022-01-24T13:58:06 IST" duration-ms="1" status="PASS">
          <reporter-output>
          </reporter-output>
        </test-method> <!-- endTime -->
        <test-method is-config="true" signature="close()[pri:0, instance:com.testng.raj.Flipkart@58695725]" started-at="2022-01-24T13:58:06 IST" name="close" finished-at="2022-01-24T13:58:06 IST" duration-ms="323" status="PASS">
          <reporter-output>
          </reporter-output>
        </test-method> <!-- close -->
      </class> <!-- com.testng.raj.Flipkart -->
      <class name="com.testng.raj.TVpurchase">
        <test-method is-config="true" signature="launch()[pri:0, instance:com.testng.raj.TVpurchase@58d75e99]" started-at="2022-01-24T13:58:06 IST" name="launch" finished-at="2022-01-24T13:58:25 IST" duration-ms="18710" status="PASS">
          <reporter-output>
          </reporter-output>
        </test-method> <!-- launch -->
        <test-method is-config="true" signature="startTime()[pri:0, instance:com.testng.raj.TVpurchase@58d75e99]" started-at="2022-01-24T13:58:25 IST" name="startTime" finished-at="2022-01-24T13:58:25 IST" duration-ms="0" status="PASS">
          <reporter-output>
          </reporter-output>
        </test-method> <!-- startTime -->
        <test-method signature="loginHandling()[pri:1, instance:com.testng.raj.TVpurchase@58d75e99]" started-at="2022-01-24T13:58:25 IST" name="loginHandling" finished-at="2022-01-24T13:58:25 IST" duration-ms="163" status="PASS">
          <reporter-output>
          </reporter-output>
        </test-method> <!-- loginHandling -->
        <test-method is-config="true" signature="endTime()[pri:0, instance:com.testng.raj.TVpurchase@58d75e99]" started-at="2022-01-24T13:58:25 IST" name="endTime" finished-at="2022-01-24T13:58:25 IST" duration-ms="0" status="PASS">
          <reporter-output>
          </reporter-output>
        </test-method> <!-- endTime -->
        <test-method is-config="true" signature="startTime()[pri:0, instance:com.testng.raj.TVpurchase@58d75e99]" started-at="2022-01-24T13:58:25 IST" name="startTime" finished-at="2022-01-24T13:58:25 IST" duration-ms="1" status="PASS">
          <reporter-output>
          </reporter-output>
        </test-method> <!-- startTime -->
        <test-method signature="tvSearch()[pri:2, instance:com.testng.raj.TVpurchase@58d75e99]" started-at="2022-01-24T13:58:25 IST" name="tvSearch" finished-at="2022-01-24T13:58:26 IST" duration-ms="1055" status="PASS">
          <reporter-output>
          </reporter-output>
        </test-method> <!-- tvSearch -->
        <test-method is-config="true" signature="endTime()[pri:0, instance:com.testng.raj.TVpurchase@58d75e99]" started-at="2022-01-24T13:58:26 IST" name="endTime" finished-at="2022-01-24T13:58:26 IST" duration-ms="0" status="PASS">
          <reporter-output>
          </reporter-output>
        </test-method> <!-- endTime -->
        <test-method is-config="true" signature="startTime()[pri:0, instance:com.testng.raj.TVpurchase@58d75e99]" started-at="2022-01-24T13:58:26 IST" name="startTime" finished-at="2022-01-24T13:58:26 IST" duration-ms="0" status="PASS">
          <reporter-output>
          </reporter-output>
        </test-method> <!-- startTime -->
        <test-method signature="handlingWindows()[pri:3, instance:com.testng.raj.TVpurchase@58d75e99]" started-at="2022-01-24T13:58:26 IST" name="handlingWindows" finished-at="2022-01-24T13:58:26 IST" duration-ms="54" status="PASS">
          <reporter-output>
          </reporter-output>
        </test-method> <!-- handlingWindows -->
        <test-method is-config="true" signature="endTime()[pri:0, instance:com.testng.raj.TVpurchase@58d75e99]" started-at="2022-01-24T13:58:26 IST" name="endTime" finished-at="2022-01-24T13:58:26 IST" duration-ms="0" status="PASS">
          <reporter-output>
          </reporter-output>
        </test-method> <!-- endTime -->
        <test-method is-config="true" signature="close()[pri:0, instance:com.testng.raj.TVpurchase@58d75e99]" started-at="2022-01-24T13:58:26 IST" name="close" finished-at="2022-01-24T13:58:26 IST" duration-ms="334" status="PASS">
          <reporter-output>
          </reporter-output>
        </test-method> <!-- close -->
      </class> <!-- com.testng.raj.TVpurchase -->
    </test> <!-- Test -->
  </suite> <!-- Suite -->
</testng-results>
